c:\users\jiwha_000\desktop\school\spring 18\senior design\consoleapplication1\x64\release\vc140.pdb
c:\users\jiwha_000\desktop\school\spring 18\senior design\consoleapplication1\x64\release\webcamtest.obj
c:\users\jiwha_000\desktop\school\spring 18\senior design\consoleapplication1\x64\release\videotest.obj
c:\users\jiwha_000\desktop\school\spring 18\senior design\consoleapplication1\x64\release\timingtest.obj
c:\users\jiwha_000\desktop\school\spring 18\senior design\consoleapplication1\x64\release\sliders.obj
c:\users\jiwha_000\desktop\school\spring 18\senior design\consoleapplication1\x64\release\singleimage.obj
c:\users\jiwha_000\desktop\school\spring 18\senior design\consoleapplication1\x64\release\main.obj
c:\users\jiwha_000\desktop\school\spring 18\senior design\consoleapplication1\x64\release\imagestream.obj
c:\users\jiwha_000\desktop\school\spring 18\senior design\consoleapplication1\x64\release\humoments.obj
c:\users\jiwha_000\desktop\school\spring 18\senior design\consoleapplication1\x64\release\gputimingtest.obj
c:\users\jiwha_000\desktop\school\spring 18\senior design\consoleapplication1\x64\release\detectionsystem.obj
c:\users\jiwha_000\desktop\school\spring 18\senior design\consoleapplication1\x64\release\defectselectionsystem.obj
c:\users\jiwha_000\desktop\school\spring 18\senior design\consoleapplication1\x64\release\calibrationsystem.obj
c:\users\jiwha_000\desktop\school\spring 18\senior design\consoleapplication1\x64\release\basslercameratest.obj
c:\users\jiwha_000\desktop\school\spring 18\senior design\consoleapplication1\x64\release\alertsystem.obj
c:\users\jiwha_000\desktop\school\spring 18\senior design\consoleapplication1\x64\release\consoleapplication1.exe
c:\users\jiwha_000\desktop\school\spring 18\senior design\consoleapplication1\x64\release\consoleapplication1.ipdb
c:\users\jiwha_000\desktop\school\spring 18\senior design\consoleapplication1\x64\release\consoleapplication1.iobj
c:\users\jiwha_000\desktop\school\spring 18\senior design\consoleapplication1\x64\release\consoleapplication1.pdb
c:\users\jiwha_000\desktop\school\spring 18\senior design\consoleapplication1\x64\release\consolea.09544fe0.tlog\cl.command.1.tlog
c:\users\jiwha_000\desktop\school\spring 18\senior design\consoleapplication1\x64\release\consolea.09544fe0.tlog\cl.read.1.tlog
c:\users\jiwha_000\desktop\school\spring 18\senior design\consoleapplication1\x64\release\consolea.09544fe0.tlog\cl.write.1.tlog
c:\users\jiwha_000\desktop\school\spring 18\senior design\consoleapplication1\x64\release\consolea.09544fe0.tlog\link.command.1.tlog
c:\users\jiwha_000\desktop\school\spring 18\senior design\consoleapplication1\x64\release\consolea.09544fe0.tlog\link.read.1.tlog
c:\users\jiwha_000\desktop\school\spring 18\senior design\consoleapplication1\x64\release\consolea.09544fe0.tlog\link.write.1.tlog
