c:\users\jiwha_000\desktop\school\spring 18\senior design\dataanalysismodule\x64\debug\vc140.pdb
c:\users\jiwha_000\desktop\school\spring 18\senior design\dataanalysismodule\x64\debug\vc140.idb
c:\users\jiwha_000\desktop\school\spring 18\senior design\dataanalysismodule\x64\debug\alertsystem.obj
c:\users\jiwha_000\desktop\school\spring 18\senior design\dataanalysismodule\x64\debug\basslercameratest.obj
c:\users\jiwha_000\desktop\school\spring 18\senior design\dataanalysismodule\x64\debug\calibrationsystem.obj
c:\users\jiwha_000\desktop\school\spring 18\senior design\dataanalysismodule\x64\debug\defectselectionsystem.obj
c:\users\jiwha_000\desktop\school\spring 18\senior design\dataanalysismodule\x64\debug\detectionsystem.obj
c:\users\jiwha_000\desktop\school\spring 18\senior design\dataanalysismodule\x64\debug\gputimingtest.obj
c:\users\jiwha_000\desktop\school\spring 18\senior design\dataanalysismodule\x64\debug\humoments.obj
c:\users\jiwha_000\desktop\school\spring 18\senior design\dataanalysismodule\x64\debug\imagestream.obj
c:\users\jiwha_000\desktop\school\spring 18\senior design\dataanalysismodule\x64\debug\main.obj
c:\users\jiwha_000\desktop\school\spring 18\senior design\dataanalysismodule\x64\debug\singleimage.obj
c:\users\jiwha_000\desktop\school\spring 18\senior design\dataanalysismodule\x64\debug\sliders.obj
c:\users\jiwha_000\desktop\school\spring 18\senior design\dataanalysismodule\x64\debug\timingtest.obj
c:\users\jiwha_000\desktop\school\spring 18\senior design\dataanalysismodule\x64\debug\videotest.obj
c:\users\jiwha_000\desktop\school\spring 18\senior design\dataanalysismodule\x64\debug\webcamtest.obj
c:\users\jiwha_000\desktop\school\spring 18\senior design\dataanalysismodule\x64\debug\consolea.09544fe0.tlog\cl.command.1.tlog
c:\users\jiwha_000\desktop\school\spring 18\senior design\dataanalysismodule\x64\debug\consolea.09544fe0.tlog\cl.read.1.tlog
c:\users\jiwha_000\desktop\school\spring 18\senior design\dataanalysismodule\x64\debug\consolea.09544fe0.tlog\cl.write.1.tlog
c:\users\jiwha_000\desktop\school\spring 18\senior design\dataanalysismodule\x64\debug\consolea.09544fe0.tlog\link.command.1.tlog
c:\users\jiwha_000\desktop\school\spring 18\senior design\dataanalysismodule\x64\debug\consolea.09544fe0.tlog\link.read.1.tlog
c:\users\jiwha_000\desktop\school\spring 18\senior design\dataanalysismodule\x64\debug\consolea.09544fe0.tlog\link.write.1.tlog
