Build started 2/21/2018 12:57:48 PM.
     1>Project "C:\Users\jiwha_000\Desktop\School\Spring 18\Senior Design\DataAnalysisModule\ConsoleApplication1.vcxproj" on node 2 (Build target(s)).
     1>ClCompile:
         C:\Program Files (x86)\Microsoft Visual Studio 14.0\VC\bin\x86_amd64\CL.exe /c /IC:\Users\jiwha_000\opencv\build\x64\vc14\..\..\include /ZI /nologo /W3 /WX- /sdl /Od /D _DEBUG /D _CONSOLE /D _UNICODE /D UNICODE /Gm /EHsc /RTC1 /MDd /GS /fp:precise /Zc:wchar_t /Zc:forScope /Zc:inline /Fo"x64\Debug\\" /Fd"x64\Debug\vc140.pdb" /Gd /TP /errorReport:prompt AlertSystem.cpp DetectionSystem.cpp huMoments.cpp ImageStream.cpp main.cpp singleImage.cpp sliders.cpp Source.cpp Source1.cpp Source2.cpp Source3.cpp timingTest.cpp
         timingTest.cpp
         Source3.cpp
         Source2.cpp
         Source1.cpp
         Source.cpp
         sliders.cpp
         singleImage.cpp
         main.cpp
         ImageStream.cpp
         huMoments.cpp
         DetectionSystem.cpp
         AlertSystem.cpp
         Generating Code...
       Link:
         C:\Program Files (x86)\Microsoft Visual Studio 14.0\VC\bin\x86_amd64\link.exe /ERRORREPORT:PROMPT /OUT:"C:\Users\jiwha_000\Desktop\School\Spring 18\Senior Design\DataAnalysisModule\x64\Debug\ConsoleApplication1.exe" /INCREMENTAL /NOLOGO /LIBPATH:C:\Users\jiwha_000\opencv\build\x64\vc14\lib kernel32.lib user32.lib gdi32.lib winspool.lib comdlg32.lib advapi32.lib shell32.lib ole32.lib oleaut32.lib uuid.lib odbc32.lib odbccp32.lib kernel32.lib user32.lib gdi32.lib winspool.lib comdlg32.lib advapi32.lib shell32.lib ole32.lib oleaut32.lib uuid.lib odbc32.lib odbccp32.lib opencv_world340d.lib /MANIFEST /MANIFESTUAC:"level='asInvoker' uiAccess='false'" /manifest:embed /Debug /PDB:"C:\Users\jiwha_000\Desktop\School\Spring 18\Senior Design\DataAnalysisModule\x64\Debug\ConsoleApplication1.pdb" /SUBSYSTEM:CONSOLE /TLBID:1 /DYNAMICBASE /NXCOMPAT /IMPLIB:"C:\Users\jiwha_000\Desktop\School\Spring 18\Senior Design\DataAnalysisModule\x64\Debug\ConsoleApplication1.lib" /MACHINE:X64 x64\Debug\AlertSystem.obj
         x64\Debug\DetectionSystem.obj
         x64\Debug\huMoments.obj
         x64\Debug\ImageStream.obj
         x64\Debug\main.obj
         x64\Debug\singleImage.obj
         x64\Debug\sliders.obj
         x64\Debug\Source.obj
         x64\Debug\Source1.obj
         x64\Debug\Source2.obj
         x64\Debug\Source3.obj
         x64\Debug\timingTest.obj
         ConsoleApplication1.vcxproj -> C:\Users\jiwha_000\Desktop\School\Spring 18\Senior Design\DataAnalysisModule\x64\Debug\ConsoleApplication1.exe
     1>Done Building Project "C:\Users\jiwha_000\Desktop\School\Spring 18\Senior Design\DataAnalysisModule\ConsoleApplication1.vcxproj" (Build target(s)).

Build succeeded.

Time Elapsed 00:00:25.19
